ERROR:root:code for hash blake2b was not found.
Traceback (most recent call last):
  File "/Users/jessicafan/.pyenv/versions/3.11.8/lib/python3.11/hashlib.py", line 307, in <module>
    globals()[__func_name] = __get_hash(__func_name)
                             ^^^^^^^^^^^^^^^^^^^^^^^
  File "/Users/jessicafan/.pyenv/versions/3.11.8/lib/python3.11/hashlib.py", line 129, in __get_openssl_constructor
    return __get_builtin_constructor(name)
           ^^^^^^^^^^^^^^^^^^^^^^^^^^^^^^^
  File "/Users/jessicafan/.pyenv/versions/3.11.8/lib/python3.11/hashlib.py", line 123, in __get_builtin_constructor
    raise ValueError('unsupported hash type ' + name)
ValueError: unsupported hash type blake2b
ERROR:root:code for hash blake2s was not found.
Traceback (most recent call last):
  File "/Users/jessicafan/.pyenv/versions/3.11.8/lib/python3.11/hashlib.py", line 307, in <module>
    globals()[__func_name] = __get_hash(__func_name)
                             ^^^^^^^^^^^^^^^^^^^^^^^
  File "/Users/jessicafan/.pyenv/versions/3.11.8/lib/python3.11/hashlib.py", line 129, in __get_openssl_constructor
    return __get_builtin_constructor(name)
           ^^^^^^^^^^^^^^^^^^^^^^^^^^^^^^^
  File "/Users/jessicafan/.pyenv/versions/3.11.8/lib/python3.11/hashlib.py", line 123, in __get_builtin_constructor
    raise ValueError('unsupported hash type ' + name)
ValueError: unsupported hash type blake2s
/Users/jessicafan/tactical-world-model/scripts/04_train_simulator.py:337: DtypeWarning: Columns (5) have mixed types. Specify dtype option on import or set low_memory=False.
  meta = pd.read_csv(META_PATH)
/Users/jessicafan/.pyenv/versions/3.11.8/lib/python3.11/site-packages/torch/utils/data/dataloader.py:683: UserWarning: 'pin_memory' argument is set as true but not supported on MPS now, then device pinned memory won't be used.
  warnings.warn(warn_msg)
/Users/jessicafan/.pyenv/versions/3.11.8/lib/python3.11/site-packages/torch/utils/data/dataloader.py:683: UserWarning: 'pin_memory' argument is set as true but not supported on MPS now, then device pinned memory won't be used.
  warnings.warn(warn_msg)
/Users/jessicafan/.pyenv/versions/3.11.8/lib/python3.11/site-packages/torch/utils/data/dataloader.py:683: UserWarning: 'pin_memory' argument is set as true but not supported on MPS now, then device pinned memory won't be used.
  warnings.warn(warn_msg)
/Users/jessicafan/.pyenv/versions/3.11.8/lib/python3.11/site-packages/torch/utils/data/dataloader.py:683: UserWarning: 'pin_memory' argument is set as true but not supported on MPS now, then device pinned memory won't be used.
  warnings.warn(warn_msg)
/Users/jessicafan/.pyenv/versions/3.11.8/lib/python3.11/site-packages/torch/utils/data/dataloader.py:683: UserWarning: 'pin_memory' argument is set as true but not supported on MPS now, then device pinned memory won't be used.
  warnings.warn(warn_msg)
/Users/jessicafan/.pyenv/versions/3.11.8/lib/python3.11/site-packages/torch/utils/data/dataloader.py:683: UserWarning: 'pin_memory' argument is set as true but not supported on MPS now, then device pinned memory won't be used.
  warnings.warn(warn_msg)
/Users/jessicafan/.pyenv/versions/3.11.8/lib/python3.11/site-packages/torch/utils/data/dataloader.py:683: UserWarning: 'pin_memory' argument is set as true but not supported on MPS now, then device pinned memory won't be used.
  warnings.warn(warn_msg)
/Users/jessicafan/.pyenv/versions/3.11.8/lib/python3.11/site-packages/torch/utils/data/dataloader.py:683: UserWarning: 'pin_memory' argument is set as true but not supported on MPS now, then device pinned memory won't be used.
  warnings.warn(warn_msg)
/Users/jessicafan/.pyenv/versions/3.11.8/lib/python3.11/site-packages/torch/utils/data/dataloader.py:683: UserWarning: 'pin_memory' argument is set as true but not supported on MPS now, then device pinned memory won't be used.
  warnings.warn(warn_msg)
/Users/jessicafan/.pyenv/versions/3.11.8/lib/python3.11/site-packages/torch/utils/data/dataloader.py:683: UserWarning: 'pin_memory' argument is set as true but not supported on MPS now, then device pinned memory won't be used.
  warnings.warn(warn_msg)
/Users/jessicafan/.pyenv/versions/3.11.8/lib/python3.11/site-packages/torch/utils/data/dataloader.py:683: UserWarning: 'pin_memory' argument is set as true but not supported on MPS now, then device pinned memory won't be used.
  warnings.warn(warn_msg)
/Users/jessicafan/.pyenv/versions/3.11.8/lib/python3.11/site-packages/torch/utils/data/dataloader.py:683: UserWarning: 'pin_memory' argument is set as true but not supported on MPS now, then device pinned memory won't be used.
  warnings.warn(warn_msg)
/Users/jessicafan/.pyenv/versions/3.11.8/lib/python3.11/site-packages/torch/utils/data/dataloader.py:683: UserWarning: 'pin_memory' argument is set as true but not supported on MPS now, then device pinned memory won't be used.
  warnings.warn(warn_msg)
/Users/jessicafan/.pyenv/versions/3.11.8/lib/python3.11/site-packages/torch/utils/data/dataloader.py:683: UserWarning: 'pin_memory' argument is set as true but not supported on MPS now, then device pinned memory won't be used.
  warnings.warn(warn_msg)
/Users/jessicafan/.pyenv/versions/3.11.8/lib/python3.11/site-packages/torch/utils/data/dataloader.py:683: UserWarning: 'pin_memory' argument is set as true but not supported on MPS now, then device pinned memory won't be used.
  warnings.warn(warn_msg)
/Users/jessicafan/.pyenv/versions/3.11.8/lib/python3.11/site-packages/torch/utils/data/dataloader.py:683: UserWarning: 'pin_memory' argument is set as true but not supported on MPS now, then device pinned memory won't be used.
  warnings.warn(warn_msg)
/Users/jessicafan/.pyenv/versions/3.11.8/lib/python3.11/site-packages/torch/utils/data/dataloader.py:683: UserWarning: 'pin_memory' argument is set as true but not supported on MPS now, then device pinned memory won't be used.
  warnings.warn(warn_msg)
/Users/jessicafan/.pyenv/versions/3.11.8/lib/python3.11/site-packages/torch/utils/data/dataloader.py:683: UserWarning: 'pin_memory' argument is set as true but not supported on MPS now, then device pinned memory won't be used.
  warnings.warn(warn_msg)
/Users/jessicafan/.pyenv/versions/3.11.8/lib/python3.11/site-packages/torch/utils/data/dataloader.py:683: UserWarning: 'pin_memory' argument is set as true but not supported on MPS now, then device pinned memory won't be used.
  warnings.warn(warn_msg)
/Users/jessicafan/.pyenv/versions/3.11.8/lib/python3.11/site-packages/torch/utils/data/dataloader.py:683: UserWarning: 'pin_memory' argument is set as true but not supported on MPS now, then device pinned memory won't be used.
  warnings.warn(warn_msg)
/Users/jessicafan/.pyenv/versions/3.11.8/lib/python3.11/site-packages/torch/utils/data/dataloader.py:683: UserWarning: 'pin_memory' argument is set as true but not supported on MPS now, then device pinned memory won't be used.
  warnings.warn(warn_msg)
/Users/jessicafan/.pyenv/versions/3.11.8/lib/python3.11/site-packages/torch/utils/data/dataloader.py:683: UserWarning: 'pin_memory' argument is set as true but not supported on MPS now, then device pinned memory won't be used.
  warnings.warn(warn_msg)
/Users/jessicafan/.pyenv/versions/3.11.8/lib/python3.11/site-packages/torch/utils/data/dataloader.py:683: UserWarning: 'pin_memory' argument is set as true but not supported on MPS now, then device pinned memory won't be used.
  warnings.warn(warn_msg)
/Users/jessicafan/.pyenv/versions/3.11.8/lib/python3.11/site-packages/torch/utils/data/dataloader.py:683: UserWarning: 'pin_memory' argument is set as true but not supported on MPS now, then device pinned memory won't be used.
  warnings.warn(warn_msg)
/Users/jessicafan/.pyenv/versions/3.11.8/lib/python3.11/site-packages/torch/utils/data/dataloader.py:683: UserWarning: 'pin_memory' argument is set as true but not supported on MPS now, then device pinned memory won't be used.
  warnings.warn(warn_msg)
/Users/jessicafan/.pyenv/versions/3.11.8/lib/python3.11/site-packages/torch/utils/data/dataloader.py:683: UserWarning: 'pin_memory' argument is set as true but not supported on MPS now, then device pinned memory won't be used.
  warnings.warn(warn_msg)
/Users/jessicafan/.pyenv/versions/3.11.8/lib/python3.11/site-packages/torch/utils/data/dataloader.py:683: UserWarning: 'pin_memory' argument is set as true but not supported on MPS now, then device pinned memory won't be used.
  warnings.warn(warn_msg)
/Users/jessicafan/.pyenv/versions/3.11.8/lib/python3.11/site-packages/torch/utils/data/dataloader.py:683: UserWarning: 'pin_memory' argument is set as true but not supported on MPS now, then device pinned memory won't be used.
  warnings.warn(warn_msg)
/Users/jessicafan/.pyenv/versions/3.11.8/lib/python3.11/site-packages/torch/utils/data/dataloader.py:683: UserWarning: 'pin_memory' argument is set as true but not supported on MPS now, then device pinned memory won't be used.
  warnings.warn(warn_msg)
/Users/jessicafan/.pyenv/versions/3.11.8/lib/python3.11/site-packages/torch/utils/data/dataloader.py:683: UserWarning: 'pin_memory' argument is set as true but not supported on MPS now, then device pinned memory won't be used.
  warnings.warn(warn_msg)
/Users/jessicafan/.pyenv/versions/3.11.8/lib/python3.11/site-packages/torch/utils/data/dataloader.py:683: UserWarning: 'pin_memory' argument is set as true but not supported on MPS now, then device pinned memory won't be used.
  warnings.warn(warn_msg)
/Users/jessicafan/.pyenv/versions/3.11.8/lib/python3.11/site-packages/torch/utils/data/dataloader.py:683: UserWarning: 'pin_memory' argument is set as true but not supported on MPS now, then device pinned memory won't be used.
  warnings.warn(warn_msg)
/Users/jessicafan/.pyenv/versions/3.11.8/lib/python3.11/site-packages/torch/utils/data/dataloader.py:683: UserWarning: 'pin_memory' argument is set as true but not supported on MPS now, then device pinned memory won't be used.
  warnings.warn(warn_msg)
/Users/jessicafan/.pyenv/versions/3.11.8/lib/python3.11/site-packages/torch/utils/data/dataloader.py:683: UserWarning: 'pin_memory' argument is set as true but not supported on MPS now, then device pinned memory won't be used.
  warnings.warn(warn_msg)
/Users/jessicafan/.pyenv/versions/3.11.8/lib/python3.11/site-packages/torch/utils/data/dataloader.py:683: UserWarning: 'pin_memory' argument is set as true but not supported on MPS now, then device pinned memory won't be used.
  warnings.warn(warn_msg)
/Users/jessicafan/.pyenv/versions/3.11.8/lib/python3.11/site-packages/torch/utils/data/dataloader.py:683: UserWarning: 'pin_memory' argument is set as true but not supported on MPS now, then device pinned memory won't be used.
  warnings.warn(warn_msg)
/Users/jessicafan/.pyenv/versions/3.11.8/lib/python3.11/site-packages/torch/utils/data/dataloader.py:683: UserWarning: 'pin_memory' argument is set as true but not supported on MPS now, then device pinned memory won't be used.
  warnings.warn(warn_msg)
/Users/jessicafan/.pyenv/versions/3.11.8/lib/python3.11/site-packages/torch/utils/data/dataloader.py:683: UserWarning: 'pin_memory' argument is set as true but not supported on MPS now, then device pinned memory won't be used.
  warnings.warn(warn_msg)
/Users/jessicafan/.pyenv/versions/3.11.8/lib/python3.11/site-packages/torch/utils/data/dataloader.py:683: UserWarning: 'pin_memory' argument is set as true but not supported on MPS now, then device pinned memory won't be used.
  warnings.warn(warn_msg)
/Users/jessicafan/.pyenv/versions/3.11.8/lib/python3.11/site-packages/torch/utils/data/dataloader.py:683: UserWarning: 'pin_memory' argument is set as true but not supported on MPS now, then device pinned memory won't be used.
  warnings.warn(warn_msg)
/Users/jessicafan/.pyenv/versions/3.11.8/lib/python3.11/site-packages/torch/utils/data/dataloader.py:683: UserWarning: 'pin_memory' argument is set as true but not supported on MPS now, then device pinned memory won't be used.
  warnings.warn(warn_msg)
/Users/jessicafan/.pyenv/versions/3.11.8/lib/python3.11/site-packages/torch/utils/data/dataloader.py:683: UserWarning: 'pin_memory' argument is set as true but not supported on MPS now, then device pinned memory won't be used.
  warnings.warn(warn_msg)
/Users/jessicafan/.pyenv/versions/3.11.8/lib/python3.11/site-packages/torch/utils/data/dataloader.py:683: UserWarning: 'pin_memory' argument is set as true but not supported on MPS now, then device pinned memory won't be used.
  warnings.warn(warn_msg)
/Users/jessicafan/.pyenv/versions/3.11.8/lib/python3.11/site-packages/torch/utils/data/dataloader.py:683: UserWarning: 'pin_memory' argument is set as true but not supported on MPS now, then device pinned memory won't be used.
  warnings.warn(warn_msg)
/Users/jessicafan/.pyenv/versions/3.11.8/lib/python3.11/site-packages/torch/utils/data/dataloader.py:683: UserWarning: 'pin_memory' argument is set as true but not supported on MPS now, then device pinned memory won't be used.
  warnings.warn(warn_msg)
/Users/jessicafan/.pyenv/versions/3.11.8/lib/python3.11/site-packages/torch/utils/data/dataloader.py:683: UserWarning: 'pin_memory' argument is set as true but not supported on MPS now, then device pinned memory won't be used.
  warnings.warn(warn_msg)
/Users/jessicafan/.pyenv/versions/3.11.8/lib/python3.11/site-packages/torch/utils/data/dataloader.py:683: UserWarning: 'pin_memory' argument is set as true but not supported on MPS now, then device pinned memory won't be used.
  warnings.warn(warn_msg)
/Users/jessicafan/.pyenv/versions/3.11.8/lib/python3.11/site-packages/torch/utils/data/dataloader.py:683: UserWarning: 'pin_memory' argument is set as true but not supported on MPS now, then device pinned memory won't be used.
  warnings.warn(warn_msg)
/Users/jessicafan/.pyenv/versions/3.11.8/lib/python3.11/site-packages/torch/utils/data/dataloader.py:683: UserWarning: 'pin_memory' argument is set as true but not supported on MPS now, then device pinned memory won't be used.
  warnings.warn(warn_msg)
/Users/jessicafan/.pyenv/versions/3.11.8/lib/python3.11/site-packages/torch/utils/data/dataloader.py:683: UserWarning: 'pin_memory' argument is set as true but not supported on MPS now, then device pinned memory won't be used.
  warnings.warn(warn_msg)
/Users/jessicafan/.pyenv/versions/3.11.8/lib/python3.11/site-packages/torch/utils/data/dataloader.py:683: UserWarning: 'pin_memory' argument is set as true but not supported on MPS now, then device pinned memory won't be used.
  warnings.warn(warn_msg)
/Users/jessicafan/.pyenv/versions/3.11.8/lib/python3.11/site-packages/torch/utils/data/dataloader.py:683: UserWarning: 'pin_memory' argument is set as true but not supported on MPS now, then device pinned memory won't be used.
  warnings.warn(warn_msg)
/Users/jessicafan/.pyenv/versions/3.11.8/lib/python3.11/site-packages/torch/utils/data/dataloader.py:683: UserWarning: 'pin_memory' argument is set as true but not supported on MPS now, then device pinned memory won't be used.
  warnings.warn(warn_msg)
/Users/jessicafan/.pyenv/versions/3.11.8/lib/python3.11/site-packages/torch/utils/data/dataloader.py:683: UserWarning: 'pin_memory' argument is set as true but not supported on MPS now, then device pinned memory won't be used.
  warnings.warn(warn_msg)
/Users/jessicafan/.pyenv/versions/3.11.8/lib/python3.11/site-packages/torch/utils/data/dataloader.py:683: UserWarning: 'pin_memory' argument is set as true but not supported on MPS now, then device pinned memory won't be used.
  warnings.warn(warn_msg)
/Users/jessicafan/.pyenv/versions/3.11.8/lib/python3.11/site-packages/torch/utils/data/dataloader.py:683: UserWarning: 'pin_memory' argument is set as true but not supported on MPS now, then device pinned memory won't be used.
  warnings.warn(warn_msg)
/Users/jessicafan/.pyenv/versions/3.11.8/lib/python3.11/site-packages/torch/utils/data/dataloader.py:683: UserWarning: 'pin_memory' argument is set as true but not supported on MPS now, then device pinned memory won't be used.
  warnings.warn(warn_msg)
/Users/jessicafan/.pyenv/versions/3.11.8/lib/python3.11/site-packages/torch/utils/data/dataloader.py:683: UserWarning: 'pin_memory' argument is set as true but not supported on MPS now, then device pinned memory won't be used.
  warnings.warn(warn_msg)
/Users/jessicafan/.pyenv/versions/3.11.8/lib/python3.11/site-packages/torch/utils/data/dataloader.py:683: UserWarning: 'pin_memory' argument is set as true but not supported on MPS now, then device pinned memory won't be used.
  warnings.warn(warn_msg)
/Users/jessicafan/.pyenv/versions/3.11.8/lib/python3.11/site-packages/torch/utils/data/dataloader.py:683: UserWarning: 'pin_memory' argument is set as true but not supported on MPS now, then device pinned memory won't be used.
  warnings.warn(warn_msg)
/Users/jessicafan/.pyenv/versions/3.11.8/lib/python3.11/site-packages/torch/utils/data/dataloader.py:683: UserWarning: 'pin_memory' argument is set as true but not supported on MPS now, then device pinned memory won't be used.
  warnings.warn(warn_msg)
/Users/jessicafan/.pyenv/versions/3.11.8/lib/python3.11/site-packages/torch/utils/data/dataloader.py:683: UserWarning: 'pin_memory' argument is set as true but not supported on MPS now, then device pinned memory won't be used.
  warnings.warn(warn_msg)
/Users/jessicafan/.pyenv/versions/3.11.8/lib/python3.11/site-packages/torch/utils/data/dataloader.py:683: UserWarning: 'pin_memory' argument is set as true but not supported on MPS now, then device pinned memory won't be used.
  warnings.warn(warn_msg)
/Users/jessicafan/.pyenv/versions/3.11.8/lib/python3.11/site-packages/torch/utils/data/dataloader.py:683: UserWarning: 'pin_memory' argument is set as true but not supported on MPS now, then device pinned memory won't be used.
  warnings.warn(warn_msg)
/Users/jessicafan/.pyenv/versions/3.11.8/lib/python3.11/site-packages/torch/utils/data/dataloader.py:683: UserWarning: 'pin_memory' argument is set as true but not supported on MPS now, then device pinned memory won't be used.
  warnings.warn(warn_msg)
/Users/jessicafan/.pyenv/versions/3.11.8/lib/python3.11/site-packages/torch/utils/data/dataloader.py:683: UserWarning: 'pin_memory' argument is set as true but not supported on MPS now, then device pinned memory won't be used.
  warnings.warn(warn_msg)
/Users/jessicafan/.pyenv/versions/3.11.8/lib/python3.11/site-packages/torch/utils/data/dataloader.py:683: UserWarning: 'pin_memory' argument is set as true but not supported on MPS now, then device pinned memory won't be used.
  warnings.warn(warn_msg)
/Users/jessicafan/.pyenv/versions/3.11.8/lib/python3.11/site-packages/torch/utils/data/dataloader.py:683: UserWarning: 'pin_memory' argument is set as true but not supported on MPS now, then device pinned memory won't be used.
  warnings.warn(warn_msg)
/Users/jessicafan/.pyenv/versions/3.11.8/lib/python3.11/site-packages/torch/utils/data/dataloader.py:683: UserWarning: 'pin_memory' argument is set as true but not supported on MPS now, then device pinned memory won't be used.
  warnings.warn(warn_msg)
/Users/jessicafan/.pyenv/versions/3.11.8/lib/python3.11/site-packages/torch/utils/data/dataloader.py:683: UserWarning: 'pin_memory' argument is set as true but not supported on MPS now, then device pinned memory won't be used.
  warnings.warn(warn_msg)
/Users/jessicafan/.pyenv/versions/3.11.8/lib/python3.11/site-packages/torch/utils/data/dataloader.py:683: UserWarning: 'pin_memory' argument is set as true but not supported on MPS now, then device pinned memory won't be used.
  warnings.warn(warn_msg)
/Users/jessicafan/.pyenv/versions/3.11.8/lib/python3.11/site-packages/torch/utils/data/dataloader.py:683: UserWarning: 'pin_memory' argument is set as true but not supported on MPS now, then device pinned memory won't be used.
  warnings.warn(warn_msg)
/Users/jessicafan/.pyenv/versions/3.11.8/lib/python3.11/site-packages/torch/utils/data/dataloader.py:683: UserWarning: 'pin_memory' argument is set as true but not supported on MPS now, then device pinned memory won't be used.
  warnings.warn(warn_msg)
/Users/jessicafan/.pyenv/versions/3.11.8/lib/python3.11/site-packages/torch/utils/data/dataloader.py:683: UserWarning: 'pin_memory' argument is set as true but not supported on MPS now, then device pinned memory won't be used.
  warnings.warn(warn_msg)
/Users/jessicafan/.pyenv/versions/3.11.8/lib/python3.11/site-packages/torch/utils/data/dataloader.py:683: UserWarning: 'pin_memory' argument is set as true but not supported on MPS now, then device pinned memory won't be used.
  warnings.warn(warn_msg)
/Users/jessicafan/.pyenv/versions/3.11.8/lib/python3.11/site-packages/torch/utils/data/dataloader.py:683: UserWarning: 'pin_memory' argument is set as true but not supported on MPS now, then device pinned memory won't be used.
  warnings.warn(warn_msg)
/Users/jessicafan/.pyenv/versions/3.11.8/lib/python3.11/site-packages/torch/utils/data/dataloader.py:683: UserWarning: 'pin_memory' argument is set as true but not supported on MPS now, then device pinned memory won't be used.
  warnings.warn(warn_msg)
/Users/jessicafan/.pyenv/versions/3.11.8/lib/python3.11/site-packages/torch/utils/data/dataloader.py:683: UserWarning: 'pin_memory' argument is set as true but not supported on MPS now, then device pinned memory won't be used.
  warnings.warn(warn_msg)
/Users/jessicafan/.pyenv/versions/3.11.8/lib/python3.11/site-packages/torch/utils/data/dataloader.py:683: UserWarning: 'pin_memory' argument is set as true but not supported on MPS now, then device pinned memory won't be used.
  warnings.warn(warn_msg)
/Users/jessicafan/.pyenv/versions/3.11.8/lib/python3.11/site-packages/torch/utils/data/dataloader.py:683: UserWarning: 'pin_memory' argument is set as true but not supported on MPS now, then device pinned memory won't be used.
  warnings.warn(warn_msg)
Tactical World Model — Match Simulator Training
==================================================
Device: mps
Loaded 39 team fingerprints
Loaded possession meta: 774,809 rows, 1310 matches
Train matches: 1114 | Val matches: 196
Train sequences: 1114 | Val sequences: 196
SimulatorRNN parameters: 3,819,780

Training SimulatorRNN…
  [  1/80]  train=0.3162  val=0.2719  advance=0.769  shot=0.613  retain=0.551
  [ 10/80]  train=0.2627  val=0.2635  advance=0.808  shot=0.691  retain=0.601
  [ 20/80]  train=0.2603  val=0.2625  advance=0.808  shot=0.699  retain=0.609
  [ 30/80]  train=0.2554  val=0.2649  advance=0.806  shot=0.655  retain=0.603
  [ 40/80]  train=0.2425  val=0.2769  advance=0.796  shot=0.596  retain=0.588
  [ 50/80]  train=0.2247  val=0.3002  advance=0.782  shot=0.577  retain=0.569
  [ 60/80]  train=0.2096  val=0.3261  advance=0.773  shot=0.572  retain=0.557
  [ 70/80]  train=0.2020  val=0.3447  advance=0.769  shot=0.575  retain=0.549
  [ 80/80]  train=0.2003  val=0.3469  advance=0.768  shot=0.576  retain=0.549
Saved: data/results/simulator_training.csv
  Saved: data/results/simulator_training.png

Demo simulation: team 746 (home) vs team 968 (away)
  Final score: 0–0
  Possessions: 59
  Shots — home=0  away=0
  Saved: data/results/sim_match_demo.csv

Done.
